<?xml version="1.0" encoding="UTF-8"?>
<!-- Generated by org.testng.reporters.JUnitReportReporter -->
<testsuite hostname="DESKTOP-P19095D" failures="0" tests="1" name="Runners.SmokeTestRunner" time="15.594" errors="0" timestamp="2024-09-17T06:19:34 TRT" skipped="0">
  <testcase classname="Runners.SmokeTestRunner" name="runScenario" time="15.594"/>
  <system-out/>
</testsuite> <!-- Runners.SmokeTestRunner -->
