<?xml version="1.0" encoding="UTF-8"?>
<!-- Generated by org.testng.reporters.JUnitReportReporter -->
<testsuite hostname="DESKTOP-P19095D" failures="0" tests="1" name="Runners.jMeterRunner" time="12.222" errors="0" timestamp="2024-09-18T03:39:52 TRT" skipped="0">
  <testcase classname="Runners.jMeterRunner" name="runScenario" time="12.222"/>
  <system-out/>
</testsuite> <!-- Runners.jMeterRunner -->
