<?xml version="1.0" encoding="UTF-8"?>
<!-- Generated by org.testng.reporters.JUnitReportReporter -->
<testsuite hostname="DESKTOP-P19095D" failures="0" tests="5" name="Runners.MainRunner" time="30.466" errors="0" timestamp="2024-09-17T06:21:35 TRT" skipped="0">
  <testcase classname="Runners.MainRunner" name="runScenario" time="3.717"/>
  <system-out/>
  <testcase classname="Runners.MainRunner" name="runScenario" time="3.411"/>
  <system-out/>
  <testcase classname="Runners.MainRunner" name="runScenario" time="3.547"/>
  <system-out/>
  <testcase classname="Runners.MainRunner" name="runScenario" time="9.238"/>
  <system-out/>
  <testcase classname="Runners.MainRunner" name="runScenario" time="10.553"/>
  <system-out/>
</testsuite> <!-- Runners.MainRunner -->
