<?xml version="1.0" encoding="UTF-8"?>
<!-- Generated by org.testng.reporters.JUnitReportReporter -->
<testsuite hostname="DESKTOP-P19095D" failures="0" tests="4" name="Runners.RegressionTestRunner" time="22.271" errors="0" timestamp="2024-09-17T06:20:31 TRT" skipped="0">
  <testcase classname="Runners.RegressionTestRunner" name="runScenario" time="3.594"/>
  <system-out/>
  <testcase classname="Runners.RegressionTestRunner" name="runScenario" time="3.251"/>
  <system-out/>
  <testcase classname="Runners.RegressionTestRunner" name="runScenario" time="3.355"/>
  <system-out/>
  <testcase classname="Runners.RegressionTestRunner" name="runScenario" time="12.071"/>
  <system-out/>
</testsuite> <!-- Runners.RegressionTestRunner -->
